This is pdfTeX, Version 3.14159265-2.6-1.40.15 (TeX Live 2014) (preloaded format=pdflatex 2014.5.25)  29 JUL 2016 13:59
entering extended mode
 restricted \write18 enabled.
 file:line:error style messages enabled.
 %&-line parsing enabled.
**SFHNpaper.tex
(./SFHNpaper.tex
LaTeX2e <2014/05/01>
Babel <3.9k> and hyphenation patterns for 78 languages loaded.
(/usr/local/texlive/2014/texmf-dist/tex/latex/base/article.cls
Document Class: article 2007/10/19 v1.4h Standard LaTeX document class
(/usr/local/texlive/2014/texmf-dist/tex/latex/base/size12.clo
File: size12.clo 2007/10/19 v1.4h Standard LaTeX file (size option)
)
\c@part=\count79
\c@section=\count80
\c@subsection=\count81
\c@subsubsection=\count82
\c@paragraph=\count83
\c@subparagraph=\count84
\c@figure=\count85
\c@table=\count86
\abovecaptionskip=\skip41
\belowcaptionskip=\skip42
\bibindent=\dimen102
)
(/usr/local/texlive/2014/texmf-dist/tex/latex/graphics/graphicx.sty
Package: graphicx 2014/04/25 v1.0g Enhanced LaTeX Graphics (DPC,SPQR)

(/usr/local/texlive/2014/texmf-dist/tex/latex/graphics/keyval.sty
Package: keyval 2014/05/08 v1.15 key=value parser (DPC)
\KV@toks@=\toks14
)
(/usr/local/texlive/2014/texmf-dist/tex/latex/graphics/graphics.sty
Package: graphics 2009/02/05 v1.0o Standard LaTeX Graphics (DPC,SPQR)

(/usr/local/texlive/2014/texmf-dist/tex/latex/graphics/trig.sty
Package: trig 1999/03/16 v1.09 sin cos tan (DPC)
)
(/usr/local/texlive/2014/texmf-dist/tex/latex/latexconfig/graphics.cfg
File: graphics.cfg 2010/04/23 v1.9 graphics configuration of TeX Live
)
Package graphics Info: Driver file: pdftex.def on input line 91.

(/usr/local/texlive/2014/texmf-dist/tex/latex/pdftex-def/pdftex.def
File: pdftex.def 2011/05/27 v0.06d Graphics/color for pdfTeX

(/usr/local/texlive/2014/texmf-dist/tex/generic/oberdiek/infwarerr.sty
Package: infwarerr 2010/04/08 v1.3 Providing info/warning/error messages (HO)
)
(/usr/local/texlive/2014/texmf-dist/tex/generic/oberdiek/ltxcmds.sty
Package: ltxcmds 2011/11/09 v1.22 LaTeX kernel commands for general use (HO)
)
\Gread@gobject=\count87
))
\Gin@req@height=\dimen103
\Gin@req@width=\dimen104
)
(/usr/local/texlive/2014/texmf-dist/tex/latex/amsfonts/amssymb.sty
Package: amssymb 2013/01/14 v3.01 AMS font symbols

(/usr/local/texlive/2014/texmf-dist/tex/latex/amsfonts/amsfonts.sty
Package: amsfonts 2013/01/14 v3.01 Basic AMSFonts support
\@emptytoks=\toks15
\symAMSa=\mathgroup4
\symAMSb=\mathgroup5
LaTeX Font Info:    Overwriting math alphabet `\mathfrak' in version `bold'
(Font)                  U/euf/m/n --> U/euf/b/n on input line 106.
))
(/usr/local/texlive/2014/texmf-dist/tex/latex/amsmath/amsmath.sty
Package: amsmath 2013/01/14 v2.14 AMS math features
\@mathmargin=\skip43

For additional information on amsmath, use the `?' option.
(/usr/local/texlive/2014/texmf-dist/tex/latex/amsmath/amstext.sty
Package: amstext 2000/06/29 v2.01

(/usr/local/texlive/2014/texmf-dist/tex/latex/amsmath/amsgen.sty
File: amsgen.sty 1999/11/30 v2.0
\@emptytoks=\toks16
\ex@=\dimen105
))
(/usr/local/texlive/2014/texmf-dist/tex/latex/amsmath/amsbsy.sty
Package: amsbsy 1999/11/29 v1.2d
\pmbraise@=\dimen106
)
(/usr/local/texlive/2014/texmf-dist/tex/latex/amsmath/amsopn.sty
Package: amsopn 1999/12/14 v2.01 operator names
)
\inf@bad=\count88
LaTeX Info: Redefining \frac on input line 210.
\uproot@=\count89
\leftroot@=\count90
LaTeX Info: Redefining \overline on input line 306.
\classnum@=\count91
\DOTSCASE@=\count92
LaTeX Info: Redefining \ldots on input line 378.
LaTeX Info: Redefining \dots on input line 381.
LaTeX Info: Redefining \cdots on input line 466.
\Mathstrutbox@=\box26
\strutbox@=\box27
\big@size=\dimen107
LaTeX Font Info:    Redeclaring font encoding OML on input line 566.
LaTeX Font Info:    Redeclaring font encoding OMS on input line 567.
\macc@depth=\count93
\c@MaxMatrixCols=\count94
\dotsspace@=\muskip10
\c@parentequation=\count95
\dspbrk@lvl=\count96
\tag@help=\toks17
\row@=\count97
\column@=\count98
\maxfields@=\count99
\andhelp@=\toks18
\eqnshift@=\dimen108
\alignsep@=\dimen109
\tagshift@=\dimen110
\tagwidth@=\dimen111
\totwidth@=\dimen112
\lineht@=\dimen113
\@envbody=\toks19
\multlinegap=\skip44
\multlinetaggap=\skip45
\mathdisplay@stack=\toks20
LaTeX Info: Redefining \[ on input line 2665.
LaTeX Info: Redefining \] on input line 2666.
)
(/usr/local/texlive/2014/texmf-dist/tex/latex/amscls/amsthm.sty
Package: amsthm 2004/08/06 v2.20
\thm@style=\toks21
\thm@bodyfont=\toks22
\thm@headfont=\toks23
\thm@notefont=\toks24
\thm@headpunct=\toks25
\thm@preskip=\skip46
\thm@postskip=\skip47
\thm@headsep=\skip48
\dth@everypar=\toks26
)
(/usr/local/texlive/2014/texmf-dist/tex/latex/graphics/color.sty
Package: color 2014/04/23 v1.1a Standard LaTeX Color (DPC)

(/usr/local/texlive/2014/texmf-dist/tex/latex/latexconfig/color.cfg
File: color.cfg 2007/01/18 v1.5 color configuration of teTeX/TeXLive
)
Package color Info: Driver file: pdftex.def on input line 137.

(/usr/local/texlive/2014/texmf-dist/tex/latex/graphics/dvipsnam.def
File: dvipsnam.def 2014/04/23 v3.0j Driver-dependant file (DPC,SPQR)
))
(/usr/local/texlive/2014/texmf-dist/tex/latex/tools/array.sty
Package: array 2008/09/09 v2.4c Tabular extension package (FMi)
\col@sep=\dimen114
\extrarowheight=\dimen115
\NC@list=\toks27
\extratabsurround=\skip49
\backup@length=\skip50
)
(/usr/local/texlive/2014/texmf-dist/tex/latex/relsize/relsize.sty
Package: relsize 2013/03/29 ver 4.1
)
(/usr/local/texlive/2014/texmf-dist/tex/latex/fancyref/fancyref.sty
Package: fancyref 1999/02/03 v0.9c Fancy cross-referencing

(/usr/local/texlive/2014/texmf-dist/tex/latex/tools/varioref.sty
Package: varioref 2011/10/02 v1.4z package for extended references (FMi)
\c@vrcnt=\count100
))
(/usr/local/texlive/2014/texmf-dist/tex/latex/graphics/epsfig.sty
Package: epsfig 1999/02/16 v1.7a (e)psfig emulation (SPQR)
\epsfxsize=\dimen116
\epsfysize=\dimen117
)
(/usr/local/texlive/2014/texmf-dist/tex/latex/oberdiek/epstopdf.sty
Package: epstopdf 2010/02/09 v2.5 Conversion with epstopdf on the fly (HO)

(/usr/local/texlive/2014/texmf-dist/tex/latex/oberdiek/epstopdf-base.sty
Package: epstopdf-base 2010/02/09 v2.5 Base part for package epstopdf

(/usr/local/texlive/2014/texmf-dist/tex/latex/oberdiek/grfext.sty
Package: grfext 2010/08/19 v1.1 Manage graphics extensions (HO)

(/usr/local/texlive/2014/texmf-dist/tex/generic/oberdiek/kvdefinekeys.sty
Package: kvdefinekeys 2011/04/07 v1.3 Define keys (HO)
))
(/usr/local/texlive/2014/texmf-dist/tex/latex/oberdiek/kvoptions.sty
Package: kvoptions 2011/06/30 v3.11 Key value format for package options (HO)

(/usr/local/texlive/2014/texmf-dist/tex/generic/oberdiek/kvsetkeys.sty
Package: kvsetkeys 2012/04/25 v1.16 Key value parser (HO)

(/usr/local/texlive/2014/texmf-dist/tex/generic/oberdiek/etexcmds.sty
Package: etexcmds 2011/02/16 v1.5 Avoid name clashes with e-TeX commands (HO)

(/usr/local/texlive/2014/texmf-dist/tex/generic/oberdiek/ifluatex.sty
Package: ifluatex 2010/03/01 v1.3 Provides the ifluatex switch (HO)
Package ifluatex Info: LuaTeX not detected.
)
Package etexcmds Info: Could not find \expanded.
(etexcmds)             That can mean that you are not using pdfTeX 1.50 or
(etexcmds)             that some package has redefined \expanded.
(etexcmds)             In the latter case, load this package earlier.
)))
(/usr/local/texlive/2014/texmf-dist/tex/generic/oberdiek/pdftexcmds.sty
Package: pdftexcmds 2011/11/29 v0.20 Utility functions of pdfTeX for LuaTeX (HO
)

(/usr/local/texlive/2014/texmf-dist/tex/generic/oberdiek/ifpdf.sty
Package: ifpdf 2011/01/30 v2.3 Provides the ifpdf switch (HO)
Package ifpdf Info: pdfTeX in PDF mode is detected.
)
Package pdftexcmds Info: LuaTeX not detected.
Package pdftexcmds Info: \pdf@primitive is available.
Package pdftexcmds Info: \pdf@ifprimitive is available.
Package pdftexcmds Info: \pdfdraftmode found.
)
Package grfext Info: Graphics extension search list:
(grfext)             [.png,.pdf,.jpg,.mps,.jpeg,.jbig2,.jb2,.PNG,.PDF,.JPG,.JPE
G,.JBIG2,.JB2,.eps]
(grfext)             \AppendGraphicsExtensions on input line 452.

(/usr/local/texlive/2014/texmf-dist/tex/latex/latexconfig/epstopdf-sys.cfg
File: epstopdf-sys.cfg 2010/07/13 v1.3 Configuration of (r)epstopdf for TeX Liv
e
)))
(/usr/local/texlive/2014/texmf-dist/tex/latex/subfigure/subfigure.sty
Package: subfigure 2002/03/15 v2.1.5 subfigure package
\subfigtopskip=\skip51
\subfigcapskip=\skip52
\subfigcaptopadj=\dimen118
\subfigbottomskip=\skip53
\subfigcapmargin=\dimen119
\subfiglabelskip=\skip54
\c@subfigure=\count101
\c@lofdepth=\count102
\c@subtable=\count103
\c@lotdepth=\count104

****************************************
* Local config file subfigure.cfg used *
****************************************
(/usr/local/texlive/2014/texmf-dist/tex/latex/subfigure/subfigure.cfg)
\subfig@top=\skip55
\subfig@bottom=\skip56
)
(/usr/local/texlive/2014/texmf-dist/tex/latex/captcont/captcont.sty
Package: captcont 2002/02/14 v2.0 captcont package
)
(/usr/local/texlive/2014/texmf-dist/tex/latex/url/url.sty
\Urlmuskip=\muskip11
Package: url 2013/09/16  ver 3.4  Verb mode for urls, etc.
)
(/usr/local/texlive/2014/texmf-dist/tex/latex/setspace/setspace.sty
Package: setspace 2011/12/19 v6.7a set line spacing
)
No file SFHNpaper.aux.
\openout1 = `SFHNpaper.aux'.

LaTeX Font Info:    Checking defaults for OML/cmm/m/it on input line 44.
LaTeX Font Info:    ... okay on input line 44.
LaTeX Font Info:    Checking defaults for T1/cmr/m/n on input line 44.
LaTeX Font Info:    ... okay on input line 44.
LaTeX Font Info:    Checking defaults for OT1/cmr/m/n on input line 44.
LaTeX Font Info:    ... okay on input line 44.
LaTeX Font Info:    Checking defaults for OMS/cmsy/m/n on input line 44.
LaTeX Font Info:    ... okay on input line 44.
LaTeX Font Info:    Checking defaults for OMX/cmex/m/n on input line 44.
LaTeX Font Info:    ... okay on input line 44.
LaTeX Font Info:    Checking defaults for U/cmr/m/n on input line 44.
LaTeX Font Info:    ... okay on input line 44.
(/usr/local/texlive/2014/texmf-dist/tex/context/base/supp-pdf.mkii
[Loading MPS to PDF converter (version 2006.09.02).]
\scratchcounter=\count105
\scratchdimen=\dimen120
\scratchbox=\box28
\nofMPsegments=\count106
\nofMParguments=\count107
\everyMPshowfont=\toks28
\MPscratchCnt=\count108
\MPscratchDim=\dimen121
\MPnumerator=\count109
\makeMPintoPDFobject=\count110
\everyMPtoPDFconversion=\toks29
)
LaTeX Font Info:    Try loading font information for U+msa on input line 52.
 (/usr/local/texlive/2014/texmf-dist/tex/latex/amsfonts/umsa.fd
File: umsa.fd 2013/01/14 v3.01 AMS symbols A
)
LaTeX Font Info:    Try loading font information for U+msb on input line 52.

(/usr/local/texlive/2014/texmf-dist/tex/latex/amsfonts/umsb.fd
File: umsb.fd 2013/01/14 v3.01 AMS symbols B
)

LaTeX Warning: Citation `FH' on page 1 undefined on input line 72.


LaTeX Warning: Citation `Fife1977' on page 1 undefined on input line 72.


LaTeX Warning: Citation `CytKeener2002' on page 1 undefined on input line 72.


LaTeX Warning: Citation `CKRT' on page 1 undefined on input line 72.


LaTeX Warning: Citation `GlassPersonal' on page 1 undefined on input line 72.


LaTeX Warning: Citation `GlassPersonal' on page 1 undefined on input line 72.

[1

{/usr/local/texlive/2014/texmf-var/fonts/map/pdftex/updmap/pdftex.map}]

LaTeX Warning: Citation `GJ1995' on page 2 undefined on input line 74.


LaTeX Warning: Citation `winfree-1980' on page 2 undefined on input line 74.


LaTeX Warning: Citation `WinfreeSA' on page 2 undefined on input line 74.


LaTeX Warning: Citation `Keener2003' on page 2 undefined on input line 74.


LaTeX Warning: Citation `KeenerTop' on page 2 undefined on input line 74.


LaTeX Warning: Citation `ENC' on page 2 undefined on input line 76.


LaTeX Warning: Reference `sec:fhn' on page 2 undefined on input line 80.


LaTeX Warning: Reference `loop' on page 2 undefined on input line 80.


LaTeX Warning: Reference `sec:ICs' on page 2 undefined on input line 80.


LaTeX Warning: Reference `sec:applications' on page 2 undefined on input line 8
0.


LaTeX Warning: Reference `sec:invariance' on page 2 undefined on input line 80.



LaTeX Warning: Reference `sec:asympfailure' on page 2 undefined on input line 8
0.

[2]
Package epstopdf Info: Source file: <eps/fhnvssfhnppp.eps>
(epstopdf)                    date: 2016-06-01 15:39:55
(epstopdf)                    size: 279841 bytes
(epstopdf)             Output file: <eps/fhnvssfhnppp-eps-converted-to.pdf>
(epstopdf)                    date: 2016-06-01 15:41:22
(epstopdf)                    size: 23509 bytes
(epstopdf)             Command: <repstopdf --outfile=eps/fhnvssfhnppp-eps-conve
rted-to.pdf eps/fhnvssfhnppp.eps>
(epstopdf)             \includegraphics on input line 98.
Package epstopdf Info: Output file is already uptodate.
 <eps/fhnvssfhnppp-eps-converted-to.pdf, id=18, 488.82625pt x 334.24875pt>
File: eps/fhnvssfhnppp-eps-converted-to.pdf Graphic file (type pdf)

<use eps/fhnvssfhnppp-eps-converted-to.pdf>
Package pdftex.def Info: eps/fhnvssfhnppp-eps-converted-to.pdf used on input li
ne 98.
(pdftex.def)             Requested size: 342.17603pt x 233.97252pt.


LaTeX Warning: Reference `sec:analysis' on page 3 undefined on input line 104.


LaTeX Warning: Reference `sec:analysis' on page 3 undefined on input line 104.


LaTeX Warning: Citation `ENC' on page 3 undefined on input line 108.


LaTeX Warning: Citation `MathPhys' on page 3 undefined on input line 109.

[3 <./eps/fhnvssfhnppp-eps-converted-to.pdf>]

LaTeX Warning: Reference `reduced_flow42' on page 4 undefined on input line 121
.


LaTeX Warning: Reference `FHNv' on page 4 undefined on input line 129.


LaTeX Warning: Reference `fig_zero_line' on page 4 undefined on input line 144.



Underfull \hbox (badness 10000) in paragraph at lines 143--145

 []

[4]
Package epstopdf Info: Source file: <eps/zero_line.eps>
(epstopdf)                    date: 2016-05-30 16:22:16
(epstopdf)                    size: 235859 bytes
(epstopdf)             Output file: <eps/zero_line-eps-converted-to.pdf>
(epstopdf)                    date: 2016-05-31 16:00:59
(epstopdf)                    size: 12922 bytes
(epstopdf)             Command: <repstopdf --outfile=eps/zero_line-eps-converte
d-to.pdf eps/zero_line.eps>
(epstopdf)             \includegraphics on input line 148.
Package epstopdf Info: Output file is already uptodate.
 <eps/zero_line-eps-converted-to.pdf, id=40, 193.72375pt x 158.5925pt>
File: eps/zero_line-eps-converted-to.pdf Graphic file (type pdf)

<use eps/zero_line-eps-converted-to.pdf>
Package pdftex.def Info: eps/zero_line-eps-converted-to.pdf used on input line 
148.
(pdftex.def)             Requested size: 193.72327pt x 158.59209pt.


LaTeX Warning: Citation `CytKeener2002' on page 5 undefined on input line 158.


LaTeX Warning: Reference `fig:SFHNloops' on page 5 undefined on input line 159.



Underfull \hbox (badness 10000) in paragraph at lines 157--160

 []

Package epstopdf Info: Source file: <eps/loop_ex2-01.eps>
(epstopdf)                    date: 2016-05-30 16:22:26
(epstopdf)                    size: 358833 bytes
(epstopdf)             Output file: <eps/loop_ex2-01-eps-converted-to.pdf>
(epstopdf)                    date: 2016-05-31 16:01:00
(epstopdf)                    size: 15436 bytes
(epstopdf)             Command: <repstopdf --outfile=eps/loop_ex2-01-eps-conver
ted-to.pdf eps/loop_ex2-01.eps>
(epstopdf)             \includegraphics on input line 163.
Package epstopdf Info: Output file is already uptodate.
<eps/loop_ex2-01-eps-converted-to.pdf, id=41, 407.5225pt x 158.5925pt>
File: eps/loop_ex2-01-eps-converted-to.pdf Graphic file (type pdf)

<use eps/loop_ex2-01-eps-converted-to.pdf>
Package pdftex.def Info: eps/loop_ex2-01-eps-converted-to.pdf used on input lin
e 163.
(pdftex.def)             Requested size: 366.76686pt x 142.7319pt.
 [5 <./eps/zero_line-eps-converted-to.pdf>]
Missing character: There is no Õ in font cmr10!
Missing character: There is no Õ in font cmr10!


LaTeX Warning: Reference `fig:ppp' on page 6 undefined on input line 189.

[6 <./eps/loop_ex2-01-eps-converted-to.pdf>]

LaTeX Warning: Reference `SFHNgood' on page 7 undefined on input line 196.


LaTeX Warning: Reference `fig_loop_ex' on page 7 undefined on input line 198.


LaTeX Warning: Reference `fig_loop_ex' on page 7 undefined on input line 200.


LaTeX Warning: Reference `fig_loop_ex' on page 7 undefined on input line 202.

Package epstopdf Info: Source file: <eps/loop_ex.eps>
(epstopdf)                    date: 2016-07-28 14:10:04
(epstopdf)                    size: 284289 bytes
(epstopdf)             Output file: <eps/loop_ex-eps-converted-to.pdf>
(epstopdf)                    date: 2016-07-28 14:10:09
(epstopdf)                    size: 25789 bytes
(epstopdf)             Command: <repstopdf --outfile=eps/loop_ex-eps-converted-
to.pdf eps/loop_ex.eps>
(epstopdf)             \includegraphics on input line 208.
Package epstopdf Info: Output file is already uptodate.
<eps/loop_ex-eps-converted-to.pdf, id=68, 405.515pt x 337.26pt>
File: eps/loop_ex-eps-converted-to.pdf Graphic file (type pdf)

<use eps/loop_ex-eps-converted-to.pdf>
Package pdftex.def Info: eps/loop_ex-eps-converted-to.pdf used on input line 20
8.
(pdftex.def)             Requested size: 283.85855pt x 236.08038pt.

Overfull \hbox (13.56752pt too wide) in paragraph at lines 215--215
[]\OT1/cmr/bx/n/17.28 When is SFHN a good ap-prox-i-ma-tion of FHN? 
 []

[7] [8 <./eps/loop_ex-eps-converted-to.pdf>]

LaTeX Warning: Reference `fig:Alambda' on page 9 undefined on input line 220.

Package epstopdf Info: Source file: <eps/Alambda-simple-editedForPaper.eps>
(epstopdf)                    date: 2016-05-30 16:44:31
(epstopdf)                    size: 269281 bytes
(epstopdf)             Output file: <eps/Alambda-simple-editedForPaper-eps-conv
erted-to.pdf>
(epstopdf)                    date: 2016-05-31 16:01:08
(epstopdf)                    size: 19797 bytes
(epstopdf)             Command: <repstopdf --outfile=eps/Alambda-simple-editedF
orPaper-eps-converted-to.pdf eps/Alambda-simple-editedForPaper.eps>
(epstopdf)             \includegraphics on input line 225.
Package epstopdf Info: Output file is already uptodate.

<eps/Alambda-simple-editedForPaper-eps-converted-to.pdf, id=81, 503.8825pt x 40
2.50375pt>
File: eps/Alambda-simple-editedForPaper-eps-converted-to.pdf Graphic file (type
 pdf)
 <use eps/Alambda-simple-editedForPaper-eps-converted-to.pdf>
Package pdftex.def Info: eps/Alambda-simple-editedForPaper-eps-converted-to.pdf
 used on input line 225.
(pdftex.def)             Requested size: 361.34999pt x 288.64783pt.


LaTeX Warning: Reference `reduced_flow4' on page 9 undefined on input line 239.


[9 <./eps/Alambda-simple-editedForPaper-eps-converted-to.pdf>]
Package epstopdf Info: Source file: <eps/speedcomp_forPaper.eps>
(epstopdf)                    date: 2016-05-30 16:22:52
(epstopdf)                    size: 282944 bytes
(epstopdf)             Output file: <eps/speedcomp_forPaper-eps-converted-to.pd
f>
(epstopdf)                    date: 2016-05-31 16:01:02
(epstopdf)                    size: 25608 bytes
(epstopdf)             Command: <repstopdf --outfile=eps/speedcomp_forPaper-eps
-converted-to.pdf eps/speedcomp_forPaper.eps>
(epstopdf)             \includegraphics on input line 252.
Package epstopdf Info: Output file is already uptodate.

<eps/speedcomp_forPaper-eps-converted-to.pdf, id=101, 480.79625pt x 390.45876pt
>
File: eps/speedcomp_forPaper-eps-converted-to.pdf Graphic file (type pdf)
 <use eps/speedcomp_forPaper-eps-converted-to.pdf>
Package pdftex.def Info: eps/speedcomp_forPaper-eps-converted-to.pdf used on in
put line 252.
(pdftex.def)             Requested size: 288.47997pt x 234.27705pt.


LaTeX Warning: Reference `speed' on page 10 undefined on input line 253.


LaTeX Warning: Reference `speed' on page 10 undefined on input line 253.


LaTeX Warning: Reference `reduced_flow42' on page 10 undefined on input line 25
7.


LaTeX Warning: Reference `fig:speeds' on page 10 undefined on input line 257.


LaTeX Warning: Reference `speed' on page 10 undefined on input line 262.


LaTeX Warning: Reference `w_exp' on page 10 undefined on input line 266.

[10 <./eps/speedcomp_forPaper-eps-converted-to.pdf>]

LaTeX Warning: Reference `eq:d' on page 11 undefined on input line 285.


LaTeX Warning: Reference `eq:xs'' on page 11 undefined on input line 305.


LaTeX Warning: Reference `fig:sfront' on page 11 undefined on input line 305.

Package epstopdf Info: Source file: <eps/frontbig_sFHN_editedForPaper.eps>
(epstopdf)                    date: 2016-04-02 23:49:28
(epstopdf)                    size: 54126 bytes
(epstopdf)             Output file: <eps/frontbig_sFHN_editedForPaper-eps-conve
rted-to.pdf>
(epstopdf)                    date: 2016-04-02 23:50:22
(epstopdf)                    size: 48307 bytes
(epstopdf)             Command: <repstopdf --outfile=eps/frontbig_sFHN_editedFo
rPaper-eps-converted-to.pdf eps/frontbig_sFHN_editedForPaper.eps>
(epstopdf)             \includegraphics on input line 310.
Package epstopdf Info: Output file is already uptodate.

<eps/frontbig_sFHN_editedForPaper-eps-converted-to.pdf, id=114, 478.78876pt x 3
80.42125pt>
File: eps/frontbig_sFHN_editedForPaper-eps-converted-to.pdf Graphic file (type 
pdf)
 <use eps/frontbig_sFHN_editedForPaper-eps-converted-to.pdf>
Package pdftex.def Info: eps/frontbig_sFHN_editedForPaper-eps-converted-to.pdf 
used on input line 310.
(pdftex.def)             Requested size: 289.07999pt x 229.68826pt.
Package epstopdf Info: Source file: <eps/frontsmall_sFHN_editedForPaper.eps>
(epstopdf)                    date: 2016-04-02 23:49:21
(epstopdf)                    size: 49773 bytes
(epstopdf)             Output file: <eps/frontsmall_sFHN_editedForPaper-eps-con
verted-to.pdf>
(epstopdf)                    date: 2016-04-02 23:50:22
(epstopdf)                    size: 40618 bytes
(epstopdf)             Command: <repstopdf --outfile=eps/frontsmall_sFHN_edited
ForPaper-eps-converted-to.pdf eps/frontsmall_sFHN_editedForPaper.eps>
(epstopdf)             \includegraphics on input line 311.
Package epstopdf Info: Output file is already uptodate.

<eps/frontsmall_sFHN_editedForPaper-eps-converted-to.pdf, id=115, 478.78876pt x
 380.42125pt>
File: eps/frontsmall_sFHN_editedForPaper-eps-converted-to.pdf Graphic file (typ
e pdf)
 <use eps/frontsmall_sFHN_editedForPaper-eps-converted-to.pdf>
Package pdftex.def Info: eps/frontsmall_sFHN_editedForPaper-eps-converted-to.pd
f used on input line 311.
(pdftex.def)             Requested size: 289.07999pt x 229.68826pt.


LaTeX Warning: Reference `fig_steep_w' on page 11 undefined on input line 326.

[11] [12 <./eps/frontbig_sFHN_editedForPaper-eps-converted-to.pdf> <./eps/front
small_sFHN_editedForPaper-eps-converted-to.pdf>]
Package epstopdf Info: Source file: <eps/steep_w.eps>
(epstopdf)                    date: 2016-06-22 17:30:22
(epstopdf)                    size: 259495 bytes
(epstopdf)             Output file: <eps/steep_w-eps-converted-to.pdf>
(epstopdf)                    date: 2016-06-22 17:30:32
(epstopdf)                    size: 18553 bytes
(epstopdf)             Command: <repstopdf --outfile=eps/steep_w-eps-converted-
to.pdf eps/steep_w.eps>
(epstopdf)             \includegraphics on input line 331.
Package epstopdf Info: Output file is already uptodate.

<eps/steep_w-eps-converted-to.pdf, id=142, 321.2pt x 162.6075pt>
File: eps/steep_w-eps-converted-to.pdf Graphic file (type pdf)

<use eps/steep_w-eps-converted-to.pdf>
Package pdftex.def Info: eps/steep_w-eps-converted-to.pdf used on input line 33
1.
(pdftex.def)             Requested size: 321.19922pt x 162.6071pt.
Package epstopdf Info: Source file: <eps/stall.eps>
(epstopdf)                    date: 2016-05-30 16:22:39
(epstopdf)                    size: 245446 bytes
(epstopdf)             Output file: <eps/stall-eps-converted-to.pdf>
(epstopdf)                    date: 2016-05-31 16:01:01
(epstopdf)                    size: 16115 bytes
(epstopdf)             Command: <repstopdf --outfile=eps/stall-eps-converted-to
.pdf eps/stall.eps>
(epstopdf)             \includegraphics on input line 342.
Package epstopdf Info: Output file is already uptodate.

<eps/stall-eps-converted-to.pdf, id=143, 253.94875pt x 210.7875pt>
File: eps/stall-eps-converted-to.pdf Graphic file (type pdf)

<use eps/stall-eps-converted-to.pdf>
Package pdftex.def Info: eps/stall-eps-converted-to.pdf used on input line 342.

(pdftex.def)             Requested size: 177.76291pt x 147.55025pt.
 [13 <./eps/steep_w-eps-converted-to.pdf>]
[14 <./eps/stall-eps-converted-to.pdf>]

LaTeX Warning: Reference `fig_reentry' on page 15 undefined on input line 379.

Package epstopdf Info: Source file: <eps/reentry.eps>
(epstopdf)                    date: 2016-07-07 12:56:03
(epstopdf)                    size: 299064 bytes
(epstopdf)             Output file: <eps/reentry-eps-converted-to.pdf>
(epstopdf)                    date: 2016-07-07 13:36:12
(epstopdf)                    size: 28019 bytes
(epstopdf)             Command: <repstopdf --outfile=eps/reentry-eps-converted-
to.pdf eps/reentry.eps>
(epstopdf)             \includegraphics on input line 392.
Package epstopdf Info: Output file is already uptodate.
<eps/reentry-eps-converted-to.pdf, id=169, 527.9725pt x 372.39125pt>
File: eps/reentry-eps-converted-to.pdf Graphic file (type pdf)

<use eps/reentry-eps-converted-to.pdf>
Package pdftex.def Info: eps/reentry-eps-converted-to.pdf used on input line 39
2.
(pdftex.def)             Requested size: 395.9784pt x 279.29274pt.


LaTeX Warning: Citation `GJ1995' on page 15 undefined on input line 408.


LaTeX Warning: Reference `fig_annihilate' on page 15 undefined on input line 41
3.

Package epstopdf Info: Source file: <eps/annihilate.eps>
(epstopdf)                    date: 2016-07-07 13:03:39
(epstopdf)                    size: 303230 bytes
(epstopdf)             Output file: <eps/annihilate-eps-converted-to.pdf>
(epstopdf)                    date: 2016-07-07 13:36:13
(epstopdf)                    size: 28618 bytes
(epstopdf)             Command: <repstopdf --outfile=eps/annihilate-eps-convert
ed-to.pdf eps/annihilate.eps>
(epstopdf)             \includegraphics on input line 418.
Package epstopdf Info: Output file is already uptodate.
<eps/annihilate-eps-converted-to.pdf, id=170, 509.905pt x 364.36125pt>
File: eps/annihilate-eps-converted-to.pdf Graphic file (type pdf)

<use eps/annihilate-eps-converted-to.pdf>
Package pdftex.def Info: eps/annihilate-eps-converted-to.pdf used on input line
 418.
(pdftex.def)             Requested size: 382.42781pt x 273.27026pt.


LaTeX Warning: Citation `dosdall2010' on page 15 undefined on input line 433.


LaTeX Warning: Citation `Keener1996' on page 15 undefined on input line 438.

[15] [16 <./eps/reentry-eps-converted-to.pdf>] [17 <./eps/annihilate-eps-conver
ted-to.pdf>]

LaTeX Warning: Reference `fig_defib' on page 18 undefined on input line 447.

Package epstopdf Info: Source file: <eps/defib.eps>
(epstopdf)                    date: 2016-05-30 16:50:44
(epstopdf)                    size: 315584 bytes
(epstopdf)             Output file: <eps/defib-eps-converted-to.pdf>
(epstopdf)                    date: 2016-05-31 16:01:06
(epstopdf)                    size: 30896 bytes
(epstopdf)             Command: <repstopdf --outfile=eps/defib-eps-converted-to
.pdf eps/defib.eps>
(epstopdf)             \includegraphics on input line 452.
Package epstopdf Info: Output file is already uptodate.
<eps/defib-eps-converted-to.pdf, id=202, 539.01375pt x 391.4625pt>
File: eps/defib-eps-converted-to.pdf Graphic file (type pdf)

<use eps/defib-eps-converted-to.pdf>
Package pdftex.def Info: eps/defib-eps-converted-to.pdf used on input line 452.

(pdftex.def)             Requested size: 404.25931pt x 293.59615pt.


LaTeX Warning: Reference `fig_defib' on page 18 undefined on input line 470.


LaTeX Warning: Citation `Keener2003' on page 18 undefined on input line 472.

No file SFHNpaper.bbl.
[18] [19 <./eps/defib-eps-converted-to.pdf>] (./SFHNpaper.aux)

LaTeX Warning: There were undefined references.


LaTeX Warning: Label(s) may have changed. Rerun to get cross-references right.

 )
(\end occurred inside a group at level 1)

### simple group (level 1) entered at line 56 ({)
### bottom level 
Here is how much of TeX's memory you used:
 3556 strings out of 493117
 49898 string characters out of 6135433
 115078 words of memory out of 5000000
 6927 multiletter control sequences out of 15000+600000
 16177 words of font info for 62 fonts, out of 8000000 for 9000
 1141 hyphenation exceptions out of 8191
 42i,18n,26p,1254b,376s stack positions out of 5000i,500n,10000p,200000b,80000s
</usr/local/texlive/2014/texmf-dist/fonts/type1/public/amsfonts
/cm/cmbx10.pfb></usr/local/texlive/2014/texmf-dist/fonts/type1/public/amsfonts/
cm/cmbx12.pfb></usr/local/texlive/2014/texmf-dist/fonts/type1/public/amsfonts/c
m/cmbx7.pfb></usr/local/texlive/2014/texmf-dist/fonts/type1/public/amsfonts/cm/
cmex10.pfb></usr/local/texlive/2014/texmf-dist/fonts/type1/public/amsfonts/cm/c
mmi10.pfb></usr/local/texlive/2014/texmf-dist/fonts/type1/public/amsfonts/cm/cm
mi12.pfb></usr/local/texlive/2014/texmf-dist/fonts/type1/public/amsfonts/cm/cmm
i6.pfb></usr/local/texlive/2014/texmf-dist/fonts/type1/public/amsfonts/cm/cmmi8
.pfb></usr/local/texlive/2014/texmf-dist/fonts/type1/public/amsfonts/cm/cmr10.p
fb></usr/local/texlive/2014/texmf-dist/fonts/type1/public/amsfonts/cm/cmr12.pfb
></usr/local/texlive/2014/texmf-dist/fonts/type1/public/amsfonts/cm/cmr17.pfb><
/usr/local/texlive/2014/texmf-dist/fonts/type1/public/amsfonts/cm/cmr6.pfb></us
r/local/texlive/2014/texmf-dist/fonts/type1/public/amsfonts/cm/cmr7.pfb></usr/l
ocal/texlive/2014/texmf-dist/fonts/type1/public/amsfonts/cm/cmr8.pfb></usr/loca
l/texlive/2014/texmf-dist/fonts/type1/public/amsfonts/cm/cmsy10.pfb></usr/local
/texlive/2014/texmf-dist/fonts/type1/public/amsfonts/cm/cmsy6.pfb></usr/local/t
exlive/2014/texmf-dist/fonts/type1/public/amsfonts/cm/cmsy8.pfb></usr/local/tex
live/2014/texmf-dist/fonts/type1/public/amsfonts/cm/cmti10.pfb>
Output written on SFHNpaper.pdf (19 pages, 470820 bytes).
PDF statistics:
 275 PDF objects out of 1000 (max. 8388607)
 191 compressed objects within 2 object streams
 0 named destinations out of 1000 (max. 500000)
 66 words of extra memory for PDF output out of 10000 (max. 10000000)

